TN:
SF:src/config/languageConfig.ts
FN:27,(anonymous_0)
FN:28,(anonymous_1)
FN:31,(anonymous_2)
FN:32,(anonymous_3)
FNF:4
FNH:0
FNDA:0,(anonymous_0)
FNDA:0,(anonymous_1)
FNDA:0,(anonymous_2)
FNDA:0,(anonymous_3)
DA:1,1
DA:27,1
DA:28,0
DA:31,1
DA:32,0
DA:33,0
LF:6
LH:3
BRDA:33,0,0,0
BRDA:33,0,1,0
BRF:2
BRH:0
end_of_record
TN:
SF:src/services/FoodItemService.ts
FN:14,(anonymous_0)
FN:20,(anonymous_1)
FN:30,(anonymous_2)
FN:94,(anonymous_3)
FN:184,(anonymous_4)
FN:198,(anonymous_5)
FN:220,(anonymous_6)
FNF:7
FNH:4
FNDA:1,(anonymous_0)
FNDA:3,(anonymous_1)
FNDA:3,(anonymous_2)
FNDA:1,(anonymous_3)
FNDA:0,(anonymous_4)
FNDA:0,(anonymous_5)
FNDA:0,(anonymous_6)
DA:1,1
DA:2,1
DA:3,1
DA:9,1
DA:15,1
DA:16,1
DA:17,1
DA:21,3
DA:23,0
DA:24,0
DA:26,0
DA:49,3
DA:50,3
DA:54,3
DA:55,0
DA:58,3
DA:60,3
DA:71,3
DA:85,3
DA:87,3
DA:89,0
DA:90,0
DA:113,1
DA:114,1
DA:115,1
DA:120,1
DA:122,1
DA:123,0
DA:126,1
DA:127,0
DA:131,0
DA:132,0
DA:136,1
DA:138,1
DA:147,1
DA:149,1
DA:150,1
DA:164,1
DA:167,1
DA:168,0
DA:171,1
DA:173,0
DA:174,0
DA:178,0
DA:179,0
DA:180,0
DA:185,0
DA:202,0
DA:204,0
DA:221,0
DA:222,0
DA:226,0
LF:52
LH:30
BRDA:14,0,0,0
BRDA:21,1,0,3
BRDA:54,2,0,0
BRDA:62,3,0,3
BRDA:62,3,1,1
BRDA:66,4,0,0
BRDA:66,4,1,3
BRDA:89,5,0,0
BRDA:122,6,0,0
BRDA:126,7,0,0
BRDA:131,8,0,0
BRDA:140,9,0,1
BRDA:140,9,1,0
BRDA:167,10,0,0
BRDA:167,11,0,1
BRDA:167,11,1,0
BRDA:179,12,0,0
BRDA:198,13,0,0
BRDA:202,14,0,0
BRDA:206,15,0,0
BRDA:206,15,1,0
BRDA:207,16,0,0
BRDA:207,16,1,0
BRF:23
BRH:6
end_of_record
TN:
SF:src/services/TranslationService.ts
FN:18,(anonymous_0)
FN:23,(anonymous_1)
FN:59,(anonymous_2)
FN:72,(anonymous_3)
FN:91,(anonymous_4)
FN:133,(anonymous_5)
FN:175,(anonymous_6)
FN:194,(anonymous_7)
FN:240,(anonymous_8)
FNF:9
FNH:1
FNDA:1,(anonymous_0)
FNDA:0,(anonymous_1)
FNDA:0,(anonymous_2)
FNDA:0,(anonymous_3)
FNDA:0,(anonymous_4)
FNDA:0,(anonymous_5)
FNDA:0,(anonymous_6)
FNDA:0,(anonymous_7)
FNDA:0,(anonymous_8)
DA:1,1
DA:2,1
DA:3,1
DA:4,1
DA:14,1
DA:19,1
DA:20,1
DA:29,0
DA:31,0
DA:39,0
DA:40,0
DA:41,0
DA:42,0
DA:43,0
DA:47,0
DA:49,0
DA:60,0
DA:65,0
DA:66,0
DA:69,0
DA:73,0
DA:77,0
DA:78,0
DA:81,0
DA:92,0
DA:96,0
DA:97,0
DA:100,0
DA:104,0
DA:105,0
DA:108,0
DA:115,0
DA:116,0
DA:122,0
DA:134,0
DA:138,0
DA:139,0
DA:142,0
DA:146,0
DA:147,0
DA:150,0
DA:157,0
DA:158,0
DA:164,0
DA:176,0
DA:180,0
DA:181,0
DA:184,0
DA:195,0
DA:199,0
DA:200,0
DA:203,0
DA:207,0
DA:208,0
DA:209,0
DA:211,0
DA:212,0
DA:218,0
DA:222,0
DA:231,0
DA:233,0
DA:237,0
DA:241,0
DA:245,0
DA:246,0
DA:249,0
LF:66
LH:7
BRDA:33,0,0,0
BRDA:33,0,1,0
BRDA:34,1,0,0
BRDA:34,1,1,0
BRDA:35,2,0,0
BRDA:35,2,1,0
BRDA:39,3,0,0
BRDA:40,4,0,0
BRDA:40,4,1,0
BRDA:42,5,0,0
BRDA:65,6,0,0
BRDA:77,7,0,0
BRDA:84,8,0,0
BRDA:84,8,1,0
BRDA:85,9,0,0
BRDA:85,9,1,0
BRDA:96,10,0,0
BRDA:104,11,0,0
BRDA:115,12,0,0
BRDA:118,13,0,0
BRDA:118,13,1,0
BRDA:127,14,0,0
BRDA:127,14,1,0
BRDA:138,15,0,0
BRDA:146,16,0,0
BRDA:157,17,0,0
BRDA:160,18,0,0
BRDA:160,18,1,0
BRDA:169,19,0,0
BRDA:169,19,1,0
BRDA:180,20,0,0
BRDA:188,21,0,0
BRDA:188,21,1,0
BRDA:195,22,0,0
BRDA:195,22,1,0
BRDA:199,23,0,0
BRDA:209,24,0,0
BRDA:218,25,0,0
BRDA:218,25,1,0
BRDA:245,26,0,0
BRF:40
BRH:0
end_of_record
TN:
SF:src/services/openai/OpenAIService.ts
FN:10,(anonymous_0)
FN:20,(anonymous_1)
FN:51,(anonymous_2)
FN:64,(anonymous_3)
FN:82,(anonymous_4)
FN:94,(anonymous_5)
FNF:6
FNH:1
FNDA:1,(anonymous_0)
FNDA:0,(anonymous_1)
FNDA:0,(anonymous_2)
FNDA:0,(anonymous_3)
FNDA:0,(anonymous_4)
FNDA:0,(anonymous_5)
DA:1,1
DA:2,1
DA:3,1
DA:5,1
DA:7,1
DA:8,1
DA:11,1
DA:12,0
DA:14,1
DA:25,0
DA:27,0
DA:28,0
DA:29,0
DA:39,0
DA:40,0
DA:41,0
DA:44,0
DA:46,0
DA:47,0
DA:52,0
DA:61,0
DA:65,0
DA:66,0
DA:75,0
DA:77,0
DA:78,0
DA:87,0
DA:89,0
DA:90,0
DA:91,0
DA:92,0
DA:94,0
DA:96,0
DA:97,0
DA:101,0
LF:35
LH:8
BRDA:11,0,0,0
BRDA:30,1,0,0
BRDA:30,1,1,0
BRDA:40,2,0,0
BRDA:67,3,0,0
BRDA:67,3,1,0
BRDA:75,4,0,0
BRDA:75,4,1,0
BRF:8
BRH:0
end_of_record
TN:
SF:src/utils/ApiError.ts
FN:4,(anonymous_0)
FN:27,(anonymous_1)
FN:35,(anonymous_2)
FNF:3
FNH:0
FNDA:0,(anonymous_0)
FNDA:0,(anonymous_1)
FNDA:0,(anonymous_2)
DA:1,1
DA:5,0
DA:10,0
DA:11,0
DA:12,0
DA:14,0
DA:15,0
DA:17,0
DA:26,1
DA:28,0
DA:35,1
DA:36,0
LF:12
LH:3
BRDA:7,0,0,0
BRDA:8,1,0,0
BRDA:14,2,0,0
BRDA:14,2,1,0
BRF:4
BRH:0
end_of_record
